C51 COMPILER V9.00   MAIN                                                                  06/16/2021 01:02:09 PAGE 1   


C51 COMPILER V9.00, COMPILATION OF MODULE MAIN
OBJECT MODULE PLACED IN main.OBJ
COMPILER INVOKED BY: d:\Keil\C51\BIN\C51.EXE main.c BROWSE DEBUG OBJECTEXTEND

line level    source

   1          #include<reg51.h>
   2          #include<stdio.h>
   3          char data a[32] _at_ 0x30;
   4          void main()
   5          {
   6   1              char
   7   1      table[32]={1,3,9,2,17,4,11,6,5,20,100,64,21,14,79,35,92,23,65,16,13,18,18,73,65,101,27,19,62,69};
   8   1              char i,j,temp;
   9   1              for(i=0;i<32;i++)
  10   1      {a[i]=table[i];}
  11   1      for(i=0;i<31;i++)
  12   1      {
  13   2              for(j=0;j<31-i;j++)
  14   2              {
  15   3              if(a[j]>a[j+1])
  16   3              {
  17   4                temp=a[j];
  18   4                a[j]=a[j+1];
  19   4                a[j+1]=temp;
  20   4                }
  21   3                }
  22   2                }
  23   1      while(1);
  24   1      }


MODULE INFORMATION:   STATIC OVERLAYABLE
   CODE SIZE        =     99    ----
   CONSTANT SIZE    =     32    ----
   XDATA SIZE       =   ----    ----
   PDATA SIZE       =   ----    ----
   DATA SIZE        =   ----      32
   IDATA SIZE       =   ----    ----
   BIT SIZE         =   ----    ----
END OF MODULE INFORMATION.


C51 COMPILATION COMPLETE.  0 WARNING(S),  0 ERROR(S)
