C51 COMPILER V9.00   MAIN                                                                  06/16/2021 20:47:29 PAGE 1   


C51 COMPILER V9.00, COMPILATION OF MODULE MAIN
OBJECT MODULE PLACED IN main.OBJ
COMPILER INVOKED BY: d:\Keil\C51\BIN\C51.EXE main.c BROWSE DEBUG OBJECTEXTEND

line level    source

   1          #include<reg52.h>
   2          #define uint unsigned int
   3          #define uchar unsigned char
   4          sbit bell=P3^1;    //用p3.1口控制bell
   5          sbit led=P3^0;    //用P3^0来控制led
   6          sbit key0=P3^2;   //控制报警的键
   7          uchar count;
   8          uchar i;
   9          /*****************************************************
  10                               1ms延时程序
  11          *****************************************************/
  12          void delay(uchar count)   
  13            {uint x,y;  
  14   1         for(x=count;x>0;x--)  
  15   1           for(y=110;y>0;y--); 
  16   1        }
  17          /*****************************************************
  18                           铃响，灯亮子程序
  19          *****************************************************/
  20          void show(uchar count)          
  21            {i=count;
  22   1          for(;i!=0;i--)       //函数循环i次
  23   1            {led=0;bell=0;          //灯亮，铃响
  24   2              delay(500);        //延时0.5s
  25   2              led=1;bell=1;          //灯灭，铃停
  26   2              delay(500);             //延时0.5s
  27   2            }
  28   1        }
  29          /*****************************************************
  30                              0中断子程序
  31          *****************************************************/
  32          
  33          void s_timer0() interrupt 0 using 0    //设置外部中断0
  34            {EA=0;                      
  35   1          if(count!=10)
  36   1          count=count+1;         //小于10，每次触发计数加一
  37   1          show(count);
  38   1          delay(50);
  39   1        if(count==10)                //若count为十则结束
  40   1          count=0;
  41   1          EA=1;                        
  42   1        }
  43          /*****************************************************
  44                                   主程序
  45          *****************************************************/
  46          void main()
  47            {EA=1;       //打开总中断允许开关 
  48   1        EX0=1;       //开外中断0允许开关
  49   1        IT0=0;       //设置外中断0为电平触发方式
  50   1        while(1);  
  51   1        }            //循环执行，等待


MODULE INFORMATION:   STATIC OVERLAYABLE
   CODE SIZE        =    111    ----
C51 COMPILER V9.00   MAIN                                                                  06/16/2021 20:47:29 PAGE 2   

   CONSTANT SIZE    =   ----    ----
   XDATA SIZE       =   ----    ----
   PDATA SIZE       =   ----    ----
   DATA SIZE        =      2    ----
   IDATA SIZE       =   ----    ----
   BIT SIZE         =   ----    ----
END OF MODULE INFORMATION.


C51 COMPILATION COMPLETE.  0 WARNING(S),  0 ERROR(S)
