C51 COMPILER V9.00   MAIN                                                                  06/16/2021 17:16:28 PAGE 1   


C51 COMPILER V9.00, COMPILATION OF MODULE MAIN
OBJECT MODULE PLACED IN main.OBJ
COMPILER INVOKED BY: d:\Keil\C51\BIN\C51.EXE main.c BROWSE DEBUG OBJECTEXTEND

line level    source

   1          #include <reg51.h>
   2          #include <stdio.h>
   3          #include <intrins.h>
   4          #define unit unsigned int
   5          #define uchar unsigned char
   6          
   7          sbit D5=P0^0;
   8          sbit D4=P0^1;
   9          sbit D3=P0^2;
  10          sbit D2=P0^3;
  11          sbit D1=P0^4;
  12          
  13          uchar data key _at_ 0x30;
  14          
  15          uchar code KEY_TABLE[]={0x22,0x12,0x21,0x11};
  16          uchar code OUT_TABLE[]={0x7f,0xbf,0xdf,0xef,0xf7,0xfb,0xfd,0xfe};
  17          
  18          void delay(uchar n)
  19                  {
  20   1               uchar t,i;
  21   1               uchar m=200;
  22   1               while(m--)
  23   1               for(i=0;i<n;i++)
  24   1               {
  25   2               for(t=0;t<120;t++);
  26   2               }
  27   1              }
  28                  
  29          
  30          void delays()
  31                  {
  32   1                uchar t,ms;
  33   1                ms = 10;
  34   1                while(ms--)for(t=0;t<120;t++);
  35   1              }
  36                  
  37          void main()
  38                  {
  39   1                uchar DIR=0;
  40   1                uchar speed=3;
  41   1                char m,n;
  42   1                uchar i,num;
  43   1                uchar temp;
  44   1                P1=0x7f;
  45   1                
  46   1                while(1)
  47   1                {
  48   2                  P3=0xf0;
  49   2                      temp=P3;
  50   2                      temp=temp&0x30;
  51   2                      if(temp!=0x30)
  52   2                      {
  53   3                        delays();
  54   3                        P3=0xf0;
  55   3                        temp=P3;
C51 COMPILER V9.00   MAIN                                                                  06/16/2021 17:16:28 PAGE 2   

  56   3                        temp=temp&0x30;
  57   3                        if(temp!=0x30)
  58   3                        {
  59   4                          key=temp;
  60   4                              temp=temp|0x03;
  61   4                              P3=temp;
  62   4                              temp=P3&0x03;
  63   4                              key=temp|key;
  64   4                              key=0x33-key;
  65   4                              P3=0xf0;
  66   4                              for(i=0;i<4;i++)
  67   4                              {
  68   5                                      if(key==KEY_TABLE[i])
  69   5                                      
  70   5                              {
  71   6                                              num=i;
  72   6                                              break;
  73   6                              }
  74   5                              }
  75   4                      switch(num)
  76   4                      {
  77   5                              case 0:
  78   5                              {
  79   6                              speed++;
  80   6                              if(speed==6){speed=1;}break;
  81   6                              }
  82   5                              case 1:
  83   5                              {
  84   6                              speed--;
  85   6                              if(speed==0){speed=5;}break;
  86   6                              }
  87   5                              case 2:DIR;break;
*** WARNING C275 IN LINE 87 OF MAIN.C: expression with possibly no effect
  88   5                              case 3:DIR;break;
*** WARNING C275 IN LINE 88 OF MAIN.C: expression with possibly no effect
  89   5                      }
  90   4                      
  91   4                      switch(speed)
  92   4                      {
  93   5                              case 1:P0=0xFE;break;
  94   5                              case 2:P0=0xFD;break;
  95   5                              case 3:P0=0xFB;break;
  96   5                              case 4:P0=0xF7;break;
  97   5                              case 5:P0=0xEF;break;
  98   5                      }
  99   4                      if(DIR==1)
 100   4                              {
 101   5                                 for(;m<8;m++)
 102   5                                 {P1=OUT_TABLE[m];
 103   6                                 delay(speed);
 104   6                                 
 105   6                                 if(m==7){m=-1;}
 106   6                                 temp=P3&0x30;
 107   6                                 if(temp!=0x30){break;}
 108   6                                 }
 109   5                         }
 110   4                 if(DIR==0)
 111   4                      {
 112   5                              for(;m<8;m--)
 113   5                              {
 114   6                                      P1=OUT_TABLE[m];
 115   6                                      delay(speed);
C51 COMPILER V9.00   MAIN                                                                  06/16/2021 17:16:28 PAGE 3   

 116   6                                      if(m==0){m=8;}
 117   6                                      temp=P3&0x30;
 118   6                                      if(temp!=0x30){break;}
 119   6                              }
 120   5                      }
 121   4              }
 122   3      }
 123   2      }
 124   1      }
*** WARNING C280 IN LINE 41 OF MAIN.C: 'n': unreferenced local variable


MODULE INFORMATION:   STATIC OVERLAYABLE
   CODE SIZE        =    288    ----
   CONSTANT SIZE    =     12    ----
   XDATA SIZE       =   ----    ----
   PDATA SIZE       =   ----    ----
   DATA SIZE        =   ----       3
   IDATA SIZE       =   ----    ----
   BIT SIZE         =   ----    ----
END OF MODULE INFORMATION.


C51 COMPILATION COMPLETE.  3 WARNING(S),  0 ERROR(S)
