C51 COMPILER V9.00   MAIN                                                                  06/17/2021 08:07:49 PAGE 1   


C51 COMPILER V9.00, COMPILATION OF MODULE MAIN
OBJECT MODULE PLACED IN main.OBJ
COMPILER INVOKED BY: d:\Keil\C51\BIN\C51.EXE main.c BROWSE DEBUG OBJECTEXTEND

line level    source

   1          #include<reg51.h>
   2          #include<stdio.h>
   3          #include<absacc.h>  //使用其中定义的宏访问绝对地址
   4          
   5          #define uchar unsigned char
   6          #define uint unsigned int
   7          #define PA XBYTE[0x7FFC]  //指代外部数据存储器7FFCh的地址
   8          #define COM XBYTE[0x7FFF] //由P0 P2口联合输出地址
   9          
  10          sbit P30=P3^0;
  11          sbit P31=P3^1;
  12          uint temp,shi,ge,t;
  13          uchar a;
  14          
  15          void show(uint temp);
  16          void delay();
  17          void delays();
  18          void init_8255();
  19          void init_8255()
  20          {
  21   1              COM=0x80;  //c=out,a=out,b=out;
  22   1      }
  23          
  24          void delay()     //延时500ms子程序
  25          {
  26   1              uint i,j;
  27   1              for(i=500;i>0;i--)
  28   1              for(j=120;j>0;j--);
  29   1      }
  30          
  31          void delays()  //延时1S子程序
  32          {
  33   1              uint i,j;
  34   1              for(i=1000;i>0;i--)
  35   1              for(j=120;j>0;j--);
  36   1      }
  37          
  38          void main()
  39          {
  40   1              init_8255();
  41   1              TMOD=0x01;       //设定工作模式为1
  42   1              EA=1;            //开放中断
  43   1              ET0=1;           //允许T0中断
  44   1              TF0=0;           //定时器0溢出标志位
  45   1      
  46   1              while(1)
  47   1              {
  48   2                      a=0x26;  //变量a初值
  49   2                      for(temp=25;temp>19;temp--)       //绿灯倒计时25秒
  50   2                      {
  51   3                              a=a-1;  
  52   3                              PA=0X69;                   //东西绿灯亮
  53   3                              show(a);   //调用数码管显示子程序
  54   3                              delays();  //延时1s
  55   3                      }
C51 COMPILER V9.00   MAIN                                                                  06/17/2021 08:07:49 PAGE 2   

  56   2                      a=0x1a;
  57   2                      for(temp=19;temp>9;temp--)
  58   2                      {
  59   3                              a=a-1;
  60   3                              PA=0x69;  //东西绿灯亮
  61   3                              show(a);
  62   3                              delays();
  63   3                      }
  64   2      
  65   2                      a=0x0a;
  66   2                      for(temp=9;temp>0;temp--)
  67   2                      {
  68   3                              a=a-1;
  69   3                              PA=0x69;
  70   3                              show(a);
  71   3                              delays();
  72   3                      }
  73   2      
  74   2                      for(t=5;t>0;t--)
  75   2                      {
  76   3                              a=0;
  77   3                              show(a);
  78   3                              PA=0xeb;  //东西绿灯灭
  79   3                              delay();
  80   3                              PA=0x69;  //东西绿灯亮
  81   3                              delay();  
  82   3                      }
  83   2                      a=0x26;
  84   2                      for(temp=25;temp>19;temp--)     //绿灯倒计时25s
  85   2                      {
  86   3                              a=a-1;
  87   3                              PA = 0x96;
  88   3                              show(a);
  89   3                              delays();
  90   3                      }
  91   2      
  92   2                      a=0x1a;
  93   2                      for(temp=19;temp>9;temp--)
  94   2                      {
  95   3                              a=a-1;
  96   3                              PA=0X96;
  97   3                              show(a);
  98   3                              delays();
  99   3                      }
 100   2                      a = 0x0a;
 101   2                      for(temp=9;temp>0;temp--)
 102   2                      {
 103   3                              a=a-1;
 104   3                              PA=0X96;
 105   3                              show(a);
 106   3                              delays();
 107   3                      }
 108   2      
 109   2                      for(t=5;t>0;t--);
 110   2                      {
 111   3                              a=  0;
 112   3                              show(a);
 113   3                              PA=0xbe;
 114   3                              delay();
 115   3                              PA=0x96;
 116   3                              delay();
 117   3                      }
C51 COMPILER V9.00   MAIN                                                                  06/17/2021 08:07:49 PAGE 3   

 118   2      
 119   2              }
 120   1      
 121   1      }
 122          
 123          void show(uint a)//显示子程序
 124          {
 125   1              SCON = 0X00;     //工作模式为0
 126   1              SBUF = a;        //将变量a的值送给缓存寄存器
 127   1              while(!TI)       //等待发送是否完成
 128   1              TI=0;            //中断标志位清零
 129   1      
 130   1      }


MODULE INFORMATION:   STATIC OVERLAYABLE
   CODE SIZE        =    416    ----
   CONSTANT SIZE    =   ----    ----
   XDATA SIZE       =   ----    ----
   PDATA SIZE       =   ----    ----
   DATA SIZE        =      9    ----
   IDATA SIZE       =   ----    ----
   BIT SIZE         =   ----    ----
END OF MODULE INFORMATION.


C51 COMPILATION COMPLETE.  0 WARNING(S),  0 ERROR(S)
